# SE EJECUTO EL COMANDO SQL
# SE EJECUTO EL COMANDO SQL
# SE EJECUTO EL COMANDO SQL
# SE EJECUTO EL COMANDO SQL
# SE EJECUTO EL COMANDO SQL
# SE EJECUTO EL COMANDO SQL
# SE EJECUTO EL COMANDO SQL
# SE EJECUTO EL COMANDO SQL
# SE EJECUTO EL COMANDO SQL
# SE EJECUTO EL COMANDO SQL
# SE EJECUTO EL COMANDO SQL
# SE EJECUTO EL COMANDO SQL
# SE EJECUTO EL COMANDO SQL
# SE EJECUTO EL COMANDO SQL
Free memory: 38.84%
# SE EJECUTO EL COMANDO SQL
Free memory: 38.36%
# SE EJECUTO EL COMANDO SQL
Free memory: 38.48%
# SE EJECUTO EL COMANDO SQL
Free memory: 38.45%
# SE EJECUTO EL COMANDO SQL
Free memory: 38.52%
# SE EJECUTO EL COMANDO SQL
Free memory: 38.58%
# SE EJECUTO EL COMANDO SQL
Free memory: 38.54%
# SE EJECUTO EL COMANDO SQL
Free memory: 38.49%
# SE EJECUTO EL COMANDO SQL
Free memory: 38.63%
# SE EJECUTO EL COMANDO SQL
Free memory: 38.72%
# SE EJECUTO EL COMANDO SQL
Free memory: 38.20%
# SE EJECUTO EL COMANDO SQL
Free memory: 38.30%
# SE EJECUTO EL COMANDO SQL
Free memory: 38.66%
# SE EJECUTO EL COMANDO SQL
Free memory: 38.63%
# SE EJECUTO EL COMANDO SQL
Free memory: 38.54%
# SE EJECUTO EL COMANDO SQL
Free memory: 38.34%
# SE EJECUTO EL COMANDO SQL
Free memory: 38.33%
# SE EJECUTO EL COMANDO SQL
Free memory: 38.39%
# SE EJECUTO EL COMANDO SQL
Free memory: 38.54%
# SE EJECUTO EL COMANDO SQL
Free memory: 38.71%
# SE EJECUTO EL COMANDO SQL
Free memory: 38.75%
# SE EJECUTO EL COMANDO SQL
Free memory: 38.71%
# SE EJECUTO EL COMANDO SQL
Free memory: 38.85%
# SE EJECUTO EL COMANDO SQL
Free memory: 38.64%
# SE EJECUTO EL COMANDO SQL
Free memory: 38.94%
# SE EJECUTO EL COMANDO SQL
Free memory: 38.95%
# SE EJECUTO EL COMANDO SQL
Free memory: 38.94%
# SE EJECUTO EL COMANDO SQL
Free memory: 38.61%
# SE EJECUTO EL COMANDO SQL
Free memory: 38.75%
# SE EJECUTO EL COMANDO SQL
Free memory: 41.77%
# SE EJECUTO EL COMANDO SQL
Free memory: 47.76%
# SE EJECUTO EL COMANDO SQL
Free memory: 47.81%
# SE EJECUTO EL COMANDO SQL
Free memory: 47.87%
# SE EJECUTO EL COMANDO SQL
Free memory: 47.87%
# SE EJECUTO EL COMANDO SQL
Free memory: 47.95%
# SE EJECUTO EL COMANDO SQL
Free memory: 48.08%
# SE EJECUTO EL COMANDO SQL
Free memory: 47.86%
# SE EJECUTO EL COMANDO SQL
Free memory: 48.04%
# SE EJECUTO EL COMANDO SQL
Free memory: 74.93%
# SE EJECUTO EL COMANDO SQL
Free memory: 74.99%
# SE EJECUTO EL COMANDO SQL
Free memory: 75.20%
# SE EJECUTO EL COMANDO SQL
Free memory: 74.89%
# SE EJECUTO EL COMANDO SQL
Free memory: 74.74%
# SE EJECUTO EL COMANDO SQL
Free memory: 74.99%
# SE EJECUTO EL COMANDO SQL
Free memory: 74.99%
# SE EJECUTO EL COMANDO SQL
Free memory: 74.98%
# SE EJECUTO EL COMANDO SQL
Free memory: 75.07%
# SE EJECUTO EL COMANDO SQL
Free memory: 73.66%
# SE EJECUTO EL COMANDO SQL
Free memory: 72.39%
# SE EJECUTO EL COMANDO SQL
Free memory: 71.22%
# SE EJECUTO EL COMANDO SQL
Free memory: 72.43%
# SE EJECUTO EL COMANDO SQL
Free memory: 72.57%
# SE EJECUTO EL COMANDO SQL
Free memory: 72.61%
# SE EJECUTO EL COMANDO SQL
Free memory: 72.42%
# SE EJECUTO EL COMANDO SQL
Free memory: 72.78%
# SE EJECUTO EL COMANDO SQL
Free memory: 72.80%
# SE EJECUTO EL COMANDO SQL
Free memory: 72.79%
# SE EJECUTO EL COMANDO SQL
Free memory: 72.79%
# SE EJECUTO EL COMANDO SQL
Free memory: 72.79%
# SE EJECUTO EL COMANDO SQL
Free memory: 72.93%
# SE EJECUTO EL COMANDO SQL
Free memory: 72.74%
# SE EJECUTO EL COMANDO SQL
Free memory: 72.76%
# SE EJECUTO EL COMANDO SQL
Free memory: 72.92%
# SE EJECUTO EL COMANDO SQL
Free memory: 71.67%
# SE EJECUTO EL COMANDO SQL
Free memory: 69.88%
# SE EJECUTO EL COMANDO SQL
Free memory: 70.09%
# SE EJECUTO EL COMANDO SQL
Free memory: 69.82%
# SE EJECUTO EL COMANDO SQL
Free memory: 68.91%
# SE EJECUTO EL COMANDO SQL
Free memory: 69.97%
# SE EJECUTO EL COMANDO SQL
Free memory: 70.37%
# SE EJECUTO EL COMANDO SQL
Free memory: 70.06%
# SE EJECUTO EL COMANDO SQL
Free memory: 68.40%
# SE EJECUTO EL COMANDO SQL
Free memory: 62.71%
# SE EJECUTO EL COMANDO SQL
Free memory: 61.15%
# SE EJECUTO EL COMANDO SQL
Free memory: 61.79%
# SE EJECUTO EL COMANDO SQL
Free memory: 63.23%
# SE EJECUTO EL COMANDO SQL
Free memory: 63.79%
# SE EJECUTO EL COMANDO SQL
Free memory: 63.79%
# SE EJECUTO EL COMANDO SQL
Free memory: 63.97%
# SE EJECUTO EL COMANDO SQL
Free memory: 63.89%
# SE EJECUTO EL COMANDO SQL
Free memory: 63.93%
# SE EJECUTO EL COMANDO SQL
Free memory: 63.69%
# SE EJECUTO EL COMANDO SQL
Free memory: 63.82%
# SE EJECUTO EL COMANDO SQL
Free memory: 61.46%
# SE EJECUTO EL COMANDO SQL
Free memory: 61.25%
# SE EJECUTO EL COMANDO SQL
Free memory: 62.44%
# SE EJECUTO EL COMANDO SQL
Free memory: 63.14%
# SE EJECUTO EL COMANDO SQL
Free memory: 63.62%
# SE EJECUTO EL COMANDO SQL
Free memory: 63.64%
# SE EJECUTO EL COMANDO SQL
Free memory: 63.46%
# SE EJECUTO EL COMANDO SQL
Free memory: 63.54%
# SE EJECUTO EL COMANDO SQL
Free memory: 63.47%
# SE EJECUTO EL COMANDO SQL
Free memory: 63.36%
# SE EJECUTO EL COMANDO SQL
Free memory: 63.47%
# SE EJECUTO EL COMANDO SQL
Free memory: 61.99%
# SE EJECUTO EL COMANDO SQL
Free memory: 63.03%
# SE EJECUTO EL COMANDO SQL
Free memory: 61.97%
# SE EJECUTO EL COMANDO SQL
Free memory: 61.88%
# SE EJECUTO EL COMANDO SQL
Free memory: 62.58%
# SE EJECUTO EL COMANDO SQL
Free memory: 62.38%
# SE EJECUTO EL COMANDO SQL
Free memory: 64.84%
# SE EJECUTO EL COMANDO SQL
Free memory: 65.00%
# SE EJECUTO EL COMANDO SQL
Free memory: 65.24%
# SE EJECUTO EL COMANDO SQL
Free memory: 65.28%
# SE EJECUTO EL COMANDO SQL
Free memory: 65.08%
# SE EJECUTO EL COMANDO SQL
Free memory: 63.37%
# SE EJECUTO EL COMANDO SQL
Free memory: 56.41%
# SE EJECUTO EL COMANDO SQL
Free memory: 53.48%
# SE EJECUTO EL COMANDO SQL
Free memory: 62.73%
# SE EJECUTO EL COMANDO SQL
Free memory: 63.79%
# SE EJECUTO EL COMANDO SQL
Free memory: 64.19%
# SE EJECUTO EL COMANDO SQL
Free memory: 64.08%
# SE EJECUTO EL COMANDO SQL
Free memory: 63.76%
# SE EJECUTO EL COMANDO SQL
Free memory: 63.75%
# SE EJECUTO EL COMANDO SQL
Free memory: 63.76%
# SE EJECUTO EL COMANDO SQL
Free memory: 63.06%
# SE EJECUTO EL COMANDO SQL
Free memory: 63.85%
# SE EJECUTO EL COMANDO SQL
Free memory: 63.97%
Traceback (most recent call last):
  File "/home/arelyxl/Downloads/VsCode/Operating_system/Shell/DiskUsageAnalyzer/recopilar/2.py", line 5, in <module>
    conn = psycopg2.connect(
           ^^^^^^^^^^^^^^^^^
  File "/home/arelyxl/.local/lib/python3.12/site-packages/psycopg2/__init__.py", line 122, in connect
    conn = _connect(dsn, connection_factory=connection_factory, **kwasync)
           ^^^^^^^^^^^^^^^^^^^^^^^^^^^^^^^^^^^^^^^^^^^^^^^^^^^^^^^^^^^^^^^
psycopg2.OperationalError: connection to server at "localhost" (127.0.0.1), port 5432 failed: Connection refused
	Is the server running on that host and accepting TCP/IP connections?

./2.sh: line 19: /home/arelyxl/Downloads/VsCode/Operating_system/Shell/DiskUsageAnalyzer/recopilar/LOG/pids.txt: No such file or directory
rm: cannot remove '/home/arelyxl/Downloads/VsCode/Operating_system/Shell/DiskUsageAnalyzer/recopilar/LOG/pids.txt': No such file or directory
Free memory: 63.74%
Traceback (most recent call last):
  File "/home/arelyxl/Downloads/VsCode/Operating_system/Shell/DiskUsageAnalyzer/recopilar/2.py", line 5, in <module>
    conn = psycopg2.connect(
           ^^^^^^^^^^^^^^^^^
  File "/home/arelyxl/.local/lib/python3.12/site-packages/psycopg2/__init__.py", line 122, in connect
    conn = _connect(dsn, connection_factory=connection_factory, **kwasync)
           ^^^^^^^^^^^^^^^^^^^^^^^^^^^^^^^^^^^^^^^^^^^^^^^^^^^^^^^^^^^^^^^
psycopg2.OperationalError: connection to server at "localhost" (127.0.0.1), port 5432 failed: Connection refused
	Is the server running on that host and accepting TCP/IP connections?

./2.sh: line 19: /home/arelyxl/Downloads/VsCode/Operating_system/Shell/DiskUsageAnalyzer/recopilar/LOG/pids.txt: No such file or directory
rm: cannot remove '/home/arelyxl/Downloads/VsCode/Operating_system/Shell/DiskUsageAnalyzer/recopilar/LOG/pids.txt': No such file or directory
Free memory: 64.94%
Traceback (most recent call last):
  File "/home/arelyxl/Downloads/VsCode/Operating_system/Shell/DiskUsageAnalyzer/recopilar/2.py", line 5, in <module>
    conn = psycopg2.connect(
           ^^^^^^^^^^^^^^^^^
  File "/home/arelyxl/.local/lib/python3.12/site-packages/psycopg2/__init__.py", line 122, in connect
    conn = _connect(dsn, connection_factory=connection_factory, **kwasync)
           ^^^^^^^^^^^^^^^^^^^^^^^^^^^^^^^^^^^^^^^^^^^^^^^^^^^^^^^^^^^^^^^
psycopg2.OperationalError: connection to server at "localhost" (127.0.0.1), port 5432 failed: Connection refused
	Is the server running on that host and accepting TCP/IP connections?

./2.sh: line 19: /home/arelyxl/Downloads/VsCode/Operating_system/Shell/DiskUsageAnalyzer/recopilar/LOG/pids.txt: No such file or directory
rm: cannot remove '/home/arelyxl/Downloads/VsCode/Operating_system/Shell/DiskUsageAnalyzer/recopilar/LOG/pids.txt': No such file or directory
Free memory: 64.81%
# SE EJECUTO EL COMANDO SQL
Free memory: 64.57%
# SE EJECUTO EL COMANDO SQL
Free memory: 63.50%
# SE EJECUTO EL COMANDO SQL
Free memory: 64.25%
# SE EJECUTO EL COMANDO SQL
Free memory: 64.38%
# SE EJECUTO EL COMANDO SQL
Free memory: 64.66%
# SE EJECUTO EL COMANDO SQL
Free memory: 64.75%
# SE EJECUTO EL COMANDO SQL
Free memory: 63.92%
# SE EJECUTO EL COMANDO SQL
Free memory: 63.96%
# SE EJECUTO EL COMANDO SQL
Free memory: 63.78%
# SE EJECUTO EL COMANDO SQL
Free memory: 59.76%
# SE EJECUTO EL COMANDO SQL
Free memory: 55.99%
# SE EJECUTO EL COMANDO SQL
Free memory: 56.09%
# SE EJECUTO EL COMANDO SQL
Free memory: 53.19%
# SE EJECUTO EL COMANDO SQL
Free memory: 53.11%
# SE EJECUTO EL COMANDO SQL
Free memory: 54.77%
# SE EJECUTO EL COMANDO SQL
Free memory: 57.28%
# SE EJECUTO EL COMANDO SQL
Free memory: 57.20%
# SE EJECUTO EL COMANDO SQL
Free memory: 51.77%
# SE EJECUTO EL COMANDO SQL
Free memory: 51.27%
# SE EJECUTO EL COMANDO SQL
Free memory: 49.10%
# SE EJECUTO EL COMANDO SQL
Free memory: 45.26%
# SE EJECUTO EL COMANDO SQL
Free memory: 40.90%
# SE EJECUTO EL COMANDO SQL
Free memory: 42.40%
# SE EJECUTO EL COMANDO SQL
Free memory: 41.55%
# SE EJECUTO EL COMANDO SQL
Free memory: 41.59%
# SE EJECUTO EL COMANDO SQL
Free memory: 42.54%
# SE EJECUTO EL COMANDO SQL
Free memory: 44.52%
# SE EJECUTO EL COMANDO SQL
Free memory: 41.04%
# SE EJECUTO EL COMANDO SQL
Free memory: 42.15%
# SE EJECUTO EL COMANDO SQL
Free memory: 43.50%
# SE EJECUTO EL COMANDO SQL
Free memory: 44.34%
# SE EJECUTO EL COMANDO SQL
Free memory: 44.57%
# SE EJECUTO EL COMANDO SQL
Free memory: 45.25%
# SE EJECUTO EL COMANDO SQL
Free memory: 45.30%
# SE EJECUTO EL COMANDO SQL
Free memory: 45.46%
# SE EJECUTO EL COMANDO SQL
Free memory: 45.67%
# SE EJECUTO EL COMANDO SQL
Free memory: 45.49%
# SE EJECUTO EL COMANDO SQL
Free memory: 45.56%
# SE EJECUTO EL COMANDO SQL
Free memory: 45.60%
# SE EJECUTO EL COMANDO SQL
Free memory: 45.56%
# SE EJECUTO EL COMANDO SQL
Free memory: 45.45%
# SE EJECUTO EL COMANDO SQL
Free memory: 45.55%
# SE EJECUTO EL COMANDO SQL
Free memory: 45.46%
# SE EJECUTO EL COMANDO SQL
Free memory: 45.53%
# SE EJECUTO EL COMANDO SQL
Free memory: 45.60%
# SE EJECUTO EL COMANDO SQL
Free memory: 45.45%
# SE EJECUTO EL COMANDO SQL
Free memory: 45.67%
# SE EJECUTO EL COMANDO SQL
Free memory: 45.37%
# SE EJECUTO EL COMANDO SQL
PID: 112600, Duracion: 1 minutos
PID 112600 no existe o ya fue terminado.
Free memory: 45.56%
# SE EJECUTO EL COMANDO SQL
PID: 112600, Duracion: 1 minutos
PID 112600 no existe o ya fue terminado.
Free memory: 45.36%
# SE EJECUTO EL COMANDO SQL
PID: 112600, Duracion: 1 minutos
PID 112600 no existe o ya fue terminado.
Free memory: 45.51%
# SE EJECUTO EL COMANDO SQL
PID: 112600, Duracion: 1 minutos
PID 112600 no existe o ya fue terminado.
Free memory: 45.69%
# SE EJECUTO EL COMANDO SQL
PID: 112600, Duracion: 1 minutos
PID 112600 no existe o ya fue terminado.
Free memory: 45.59%
# SE EJECUTO EL COMANDO SQL
PID: 112600, Duracion: 1 minutos
PID 112600 no existe o ya fue terminado.
Free memory: 45.72%
# SE EJECUTO EL COMANDO SQL
PID: 112600, Duracion: 1 minutos
PID 112600 no existe o ya fue terminado.
Free memory: 45.51%
# SE EJECUTO EL COMANDO SQL
PID: 112600, Duracion: 1 minutos
PID 112600 no existe o ya fue terminado.
Free memory: 45.76%
# SE EJECUTO EL COMANDO SQL
PID: 112600, Duracion: 1 minutos
PID 112600 no existe o ya fue terminado.
Free memory: 45.53%
# SE EJECUTO EL COMANDO SQL
PID: 112600, Duracion: 1 minutos
PID 112600 no existe o ya fue terminado.
Free memory: 45.78%
# SE EJECUTO EL COMANDO SQL
PID: 112600, Duracion: 1 minutos
PID 112600 no existe o ya fue terminado.
Free memory: 45.56%
# SE EJECUTO EL COMANDO SQL
PID: 112600, Duracion: 1 minutos
PID 112600 no existe o ya fue terminado.
Free memory: 45.78%
# SE EJECUTO EL COMANDO SQL
PID: 112600, Duracion: 2 minutos
PID 112600 no existe o ya fue terminado.
Free memory: 45.72%
# SE EJECUTO EL COMANDO SQL
PID: 112600, Duracion: 2 minutos
PID 112600 no existe o ya fue terminado.
Free memory: 45.60%
# SE EJECUTO EL COMANDO SQL
PID: 112600, Duracion: 2 minutos
PID 112600 no existe o ya fue terminado.
Free memory: 45.81%
# SE EJECUTO EL COMANDO SQL
PID: 112600, Duracion: 2 minutos
PID 112600 no existe o ya fue terminado.
Free memory: 45.83%
# SE EJECUTO EL COMANDO SQL
PID: 112600, Duracion: 2 minutos
PID 112600 no existe o ya fue terminado.
Free memory: 45.79%
# SE EJECUTO EL COMANDO SQL
PID: 112600, Duracion: 2 minutos
PID 112600 no existe o ya fue terminado.
Free memory: 45.77%
# SE EJECUTO EL COMANDO SQL
PID: 112600, Duracion: 2 minutos
PID 112600 no existe o ya fue terminado.
Free memory: 45.91%
# SE EJECUTO EL COMANDO SQL
PID: 112600, Duracion: 2 minutos
PID 112600 no existe o ya fue terminado.
Free memory: 45.90%
# SE EJECUTO EL COMANDO SQL
PID: 112600, Duracion: 2 minutos
PID 112600 no existe o ya fue terminado.
Free memory: 45.70%
# SE EJECUTO EL COMANDO SQL
PID: 112600, Duracion: 2 minutos
PID 112600 no existe o ya fue terminado.
Free memory: 45.85%
# SE EJECUTO EL COMANDO SQL
PID: 112600, Duracion: 2 minutos
PID 112600 no existe o ya fue terminado.
Free memory: 45.50%
# SE EJECUTO EL COMANDO SQL
PID: 112600, Duracion: 2 minutos
PID 112600 no existe o ya fue terminado.
Free memory: 45.78%
# SE EJECUTO EL COMANDO SQL
PID: 112600, Duracion: 3 minutos
PID 112600 no existe o ya fue terminado.
Free memory: 45.51%
# SE EJECUTO EL COMANDO SQL
PID: 112600, Duracion: 3 minutos
PID 112600 no existe o ya fue terminado.
Free memory: 45.77%
# SE EJECUTO EL COMANDO SQL
PID: 112600, Duracion: 3 minutos
PID 112600 no existe o ya fue terminado.
Free memory: 45.83%
# SE EJECUTO EL COMANDO SQL
PID: 112600, Duracion: 3 minutos
PID 112600 no existe o ya fue terminado.
Free memory: 45.93%
# SE EJECUTO EL COMANDO SQL
PID: 112600, Duracion: 3 minutos
PID 112600 no existe o ya fue terminado.
Free memory: 45.96%
# SE EJECUTO EL COMANDO SQL
PID: 112600, Duracion: 3 minutos
PID 112600 no existe o ya fue terminado.
Free memory: 45.83%
# SE EJECUTO EL COMANDO SQL
PID: 112600, Duracion: 3 minutos
PID 112600 no existe o ya fue terminado.
Free memory: 45.92%
# SE EJECUTO EL COMANDO SQL
PID: 112600, Duracion: 3 minutos
PID 112600 no existe o ya fue terminado.
Free memory: 45.69%
# SE EJECUTO EL COMANDO SQL
PID: 112600, Duracion: 3 minutos
PID 112600 no existe o ya fue terminado.
Free memory: 45.17%
# SE EJECUTO EL COMANDO SQL
PID: 112600, Duracion: 3 minutos
PID 112600 no existe o ya fue terminado.
Free memory: 49.91%
# SE EJECUTO EL COMANDO SQL
PID: 112600, Duracion: 3 minutos
PID 112600 no existe o ya fue terminado.
Free memory: 60.94%
# SE EJECUTO EL COMANDO SQL
PID: 112600, Duracion: 4 minutos
PID 112600 no existe o ya fue terminado.
Free memory: 59.32%
# SE EJECUTO EL COMANDO SQL
PID: 112600, Duracion: 4 minutos
PID 112600 no existe o ya fue terminado.
Free memory: 58.83%
# SE EJECUTO EL COMANDO SQL
PID: 112600, Duracion: 4 minutos
PID 112600 no existe o ya fue terminado.
Free memory: 58.20%
# SE EJECUTO EL COMANDO SQL
PID: 112600, Duracion: 4 minutos
PID 112600 no existe o ya fue terminado.
Free memory: 58.39%
# SE EJECUTO EL COMANDO SQL
PID: 112600, Duracion: 4 minutos
PID 112600 no existe o ya fue terminado.
Free memory: 57.74%
# SE EJECUTO EL COMANDO SQL
PID: 112600, Duracion: 4 minutos
PID 112600 no existe o ya fue terminado.
Free memory: 58.11%
# SE EJECUTO EL COMANDO SQL
PID: 112600, Duracion: 4 minutos
PID 112600 no existe o ya fue terminado.
Free memory: 55.86%
# SE EJECUTO EL COMANDO SQL
PID: 112600, Duracion: 4 minutos
PID 112600 no existe o ya fue terminado.
Free memory: 57.61%
# SE EJECUTO EL COMANDO SQL
PID: 112600, Duracion: 4 minutos
PID 112600 no existe o ya fue terminado.
Free memory: 57.79%
# SE EJECUTO EL COMANDO SQL
PID: 112600, Duracion: 4 minutos
PID 112600 no existe o ya fue terminado.
Free memory: 57.93%
# SE EJECUTO EL COMANDO SQL
PID: 112600, Duracion: 4 minutos
PID 112600 no existe o ya fue terminado.
Free memory: 58.37%
# SE EJECUTO EL COMANDO SQL
PID: 112600, Duracion: 4 minutos
PID 112600 no existe o ya fue terminado.
Free memory: 58.36%
# SE EJECUTO EL COMANDO SQL
PID: 112600, Duracion: 5 minutos
PID 112600 no existe o ya fue terminado.
Free memory: 58.72%
# SE EJECUTO EL COMANDO SQL
PID: 112600, Duracion: 5 minutos
PID 112600 no existe o ya fue terminado.
Free memory: 58.69%
# SE EJECUTO EL COMANDO SQL
PID: 112600, Duracion: 5 minutos
PID 112600 no existe o ya fue terminado.
Free memory: 58.69%
# SE EJECUTO EL COMANDO SQL
PID: 112600, Duracion: 5 minutos
PID 112600 no existe o ya fue terminado.
Free memory: 58.83%
# SE EJECUTO EL COMANDO SQL
PID: 112600, Duracion: 5 minutos
PID 112600 no existe o ya fue terminado.
Free memory: 58.73%
# SE EJECUTO EL COMANDO SQL
PID: 112600, Duracion: 5 minutos
PID 112600 no existe o ya fue terminado.
Free memory: 58.78%
# SE EJECUTO EL COMANDO SQL
PID: 112600, Duracion: 5 minutos
PID 112600 no existe o ya fue terminado.
Free memory: 59.16%
# SE EJECUTO EL COMANDO SQL
PID: 112600, Duracion: 5 minutos
PID 112600 no existe o ya fue terminado.
Free memory: 59.04%
# SE EJECUTO EL COMANDO SQL
PID: 112600, Duracion: 5 minutos
PID 112600 no existe o ya fue terminado.
Free memory: 59.21%
# SE EJECUTO EL COMANDO SQL
PID: 112600, Duracion: 5 minutos
PID 112600 no existe o ya fue terminado.
Free memory: 59.27%
# SE EJECUTO EL COMANDO SQL
PID: 112600, Duracion: 5 minutos
PID 112600 no existe o ya fue terminado.
Free memory: 59.20%
# SE EJECUTO EL COMANDO SQL
PID: 112600, Duracion: 5 minutos
PID 112600 no existe o ya fue terminado.
Free memory: 59.14%
# SE EJECUTO EL COMANDO SQL
PID: 112600, Duracion: 6 minutos
PID 112600 no existe o ya fue terminado.
Free memory: 59.23%
# SE EJECUTO EL COMANDO SQL
PID: 112600, Duracion: 6 minutos
PID 112600 no existe o ya fue terminado.
Free memory: 59.36%
# SE EJECUTO EL COMANDO SQL
PID: 112600, Duracion: 6 minutos
PID 112600 no existe o ya fue terminado.
Free memory: 59.34%
# SE EJECUTO EL COMANDO SQL
PID: 112600, Duracion: 6 minutos
PID 112600 no existe o ya fue terminado.
Free memory: 59.15%
# SE EJECUTO EL COMANDO SQL
PID: 112600, Duracion: 6 minutos
PID 112600 no existe o ya fue terminado.
Free memory: 59.38%
# SE EJECUTO EL COMANDO SQL
PID: 112600, Duracion: 6 minutos
PID 112600 no existe o ya fue terminado.
Free memory: 59.29%
# SE EJECUTO EL COMANDO SQL
PID: 112600, Duracion: 6 minutos
PID 112600 no existe o ya fue terminado.
Free memory: 59.33%
# SE EJECUTO EL COMANDO SQL
PID: 112600, Duracion: 6 minutos
PID 112600 no existe o ya fue terminado.
Free memory: 58.99%
# SE EJECUTO EL COMANDO SQL
PID: 112600, Duracion: 6 minutos
PID 112600 no existe o ya fue terminado.
Free memory: 59.24%
# SE EJECUTO EL COMANDO SQL
PID: 112600, Duracion: 6 minutos
PID 112600 no existe o ya fue terminado.
Free memory: 59.01%
# SE EJECUTO EL COMANDO SQL
PID: 112600, Duracion: 6 minutos
PID 112600 no existe o ya fue terminado.
Free memory: 59.10%
# SE EJECUTO EL COMANDO SQL
PID: 112600, Duracion: 6 minutos
PID 112600 no existe o ya fue terminado.
Free memory: 59.21%
# SE EJECUTO EL COMANDO SQL
PID: 112600, Duracion: 7 minutos
PID 112600 no existe o ya fue terminado.
Free memory: 58.49%
Traceback (most recent call last):
  File "/home/arelyxl/Downloads/VsCode/Operating_system/Shell/DiskUsageAnalyzer/recopilar/2.py", line 5, in <module>
    conn = psycopg2.connect(
           ^^^^^^^^^^^^^^^^^
  File "/home/arelyxl/.local/lib/python3.12/site-packages/psycopg2/__init__.py", line 122, in connect
    conn = _connect(dsn, connection_factory=connection_factory, **kwasync)
           ^^^^^^^^^^^^^^^^^^^^^^^^^^^^^^^^^^^^^^^^^^^^^^^^^^^^^^^^^^^^^^^
psycopg2.OperationalError: connection to server at "localhost" (127.0.0.1), port 5432 failed: FATAL:  the database system is shutting down

./2.sh: line 19: /home/arelyxl/Downloads/VsCode/Operating_system/Shell/DiskUsageAnalyzer/recopilar/LOG/pids.txt: No such file or directory
rm: cannot remove '/home/arelyxl/Downloads/VsCode/Operating_system/Shell/DiskUsageAnalyzer/recopilar/LOG/pids.txt': No such file or directory
Free memory: 87.79%
